<?xml version="1.0" encoding="UTF-8"?>
<testng-results ignored="0" total="1" passed="1" failed="0" skipped="0">
  <reporter-output>
    <line>
      <![CDATA[connected to database]]>
    </line>
    <line>
      <![CDATA[launch the browser]]>
    </line>
    <line>
      <![CDATA[navigate to the application]]>
    </line>
    <line>
      <![CDATA[logout from application]]>
    </line>
    <line>
      <![CDATA[close the browser]]>
    </line>
    <line>
      <![CDATA[close the database]]>
    </line>
  </reporter-output>
  <suite started-at="2023-11-24T13:07:54 IST" name="Default suite" finished-at="2023-11-24T13:07:57 IST" duration-ms="2443">
    <groups>
    </groups>
    <test started-at="2023-11-24T13:07:54 IST" name="Default test" finished-at="2023-11-24T13:07:57 IST" duration-ms="2443">
      <class name="LoginTest">
        <test-method is-config="true" signature="bsconfig()[pri:0, instance:LoginTest@7b36aa0c]" started-at="2023-11-24T13:07:54 IST" name="bsconfig" finished-at="2023-11-24T13:07:54 IST" duration-ms="7" status="PASS">
          <reporter-output>
            <line>
              <![CDATA[connected to database]]>
            </line>
          </reporter-output>
        </test-method> <!-- bsconfig -->
        <test-method is-config="true" signature="bcconfig()[pri:0, instance:LoginTest@7b36aa0c]" started-at="2023-11-24T13:07:54 IST" name="bcconfig" finished-at="2023-11-24T13:07:56 IST" duration-ms="1511" status="PASS">
          <reporter-output>
            <line>
              <![CDATA[launch the browser]]>
            </line>
          </reporter-output>
        </test-method> <!-- bcconfig -->
        <test-method is-config="true" signature="Bmconfig()[pri:0, instance:LoginTest@7b36aa0c]" started-at="2023-11-24T13:07:56 IST" name="Bmconfig" finished-at="2023-11-24T13:07:56 IST" duration-ms="340" status="PASS">
          <reporter-output>
            <line>
              <![CDATA[navigate to the application]]>
            </line>
          </reporter-output>
        </test-method> <!-- Bmconfig -->
        <test-method signature="logintest()[pri:0, instance:LoginTest@7b36aa0c]" started-at="2023-11-24T13:07:56 IST" name="logintest" finished-at="2023-11-24T13:07:57 IST" duration-ms="417" status="PASS">
          <reporter-output>
          </reporter-output>
        </test-method> <!-- logintest -->
        <test-method is-config="true" signature="amconfig()[pri:0, instance:LoginTest@7b36aa0c]" started-at="2023-11-24T13:07:57 IST" name="amconfig" finished-at="2023-11-24T13:07:57 IST" duration-ms="0" status="PASS">
          <reporter-output>
            <line>
              <![CDATA[logout from application]]>
            </line>
          </reporter-output>
        </test-method> <!-- amconfig -->
        <test-method is-config="true" signature="acconfig()[pri:0, instance:LoginTest@7b36aa0c]" started-at="2023-11-24T13:07:57 IST" name="acconfig" finished-at="2023-11-24T13:07:57 IST" duration-ms="142" status="PASS">
          <reporter-output>
            <line>
              <![CDATA[close the browser]]>
            </line>
          </reporter-output>
        </test-method> <!-- acconfig -->
        <test-method is-config="true" signature="asconfig()[pri:0, instance:LoginTest@7b36aa0c]" started-at="2023-11-24T13:07:57 IST" name="asconfig" finished-at="2023-11-24T13:07:57 IST" duration-ms="0" status="PASS">
          <reporter-output>
            <line>
              <![CDATA[close the database]]>
            </line>
          </reporter-output>
        </test-method> <!-- asconfig -->
      </class> <!-- LoginTest -->
    </test> <!-- Default test -->
  </suite> <!-- Default suite -->
</testng-results>
